<?xml version="1.0" encoding="UTF-8"?>
<!-- Generated by org.testng.reporters.JUnitReportReporter -->
<testsuite hostname="DESKTOP-SL1O0MU" failures="0" tests="9" name="org.c.ExecutionClass" time="213.462" errors="0" timestamp="2023-04-01T11:16:19 IST" skipped="0">
  <testcase classname="org.c.ExecutionClass" name="Title" time="36.290"/>
  <system-out/>
  <testcase classname="org.c.ExecutionClass" name="Description" time="0.021"/>
  <system-out/>
  <testcase classname="org.c.ExecutionClass" name="Image" time="47.410"/>
  <system-out/>
  <testcase classname="org.c.ExecutionClass" name="ClassColor" time="39.709"/>
  <system-out/>
  <testcase classname="org.c.ExecutionClass" name="ClassDetails" time="19.189"/>
  <system-out/>
  <testcase classname="org.c.ExecutionClass" name="ClassSchedule" time="16.247"/>
  <system-out/>
  <testcase classname="org.c.ExecutionClass" name="StartDateAndTime" time="24.775"/>
  <system-out/>
  <testcase classname="org.c.ExecutionClass" name="EndDateAndTime" time="29.646"/>
  <system-out/>
  <testcase classname="org.c.ExecutionClass" name="BookingWindow" time="0.175"/>
  <system-out/>
</testsuite> <!-- org.c.ExecutionClass -->
